   Qt/MSBuild: 3.4.0.1
   Qt: 6.9.1
  Qt_yolo_1.cpp
  inference.cpp
  main.cpp
C:\Users\mark9\Desktop\yolo11_test\code\Qt_yolo_1\Qt_yolo_1.cpp(1,1): warning C4828: 檔案包含起始於位移 0xa12 的字元，在目前的來源字元集 (字碼頁 65001) 中不是合法的字元。
C:\Users\mark9\Desktop\yolo11_test\code\Qt_yolo_1\Qt_yolo_1.cpp(1,1): warning C4828: 檔案包含起始於位移 0xa19 的字元，在目前的來源字元集 (字碼頁 65001) 中不是合法的字元。
C:\Users\mark9\Desktop\yolo11_test\code\Qt_yolo_1\Qt_yolo_1.cpp(1,1): warning C4828: 檔案包含起始於位移 0xa1a 的字元，在目前的來源字元集 (字碼頁 65001) 中不是合法的字元。
C:\Users\mark9\Desktop\yolo11_test\code\Qt_yolo_1\Qt_yolo_1.cpp(1,1): warning C4828: 檔案包含起始於位移 0xa1c 的字元，在目前的來源字元集 (字碼頁 65001) 中不是合法的字元。
C:\Users\mark9\Desktop\yolo11_test\code\Qt_yolo_1\Qt_yolo_1.cpp(1,1): warning C4828: 檔案包含起始於位移 0xa1e 的字元，在目前的來源字元集 (字碼頁 65001) 中不是合法的字元。
C:\Users\mark9\Desktop\yolo11_test\code\Qt_yolo_1\Qt_yolo_1.cpp(1,1): warning C4828: 檔案包含起始於位移 0xa24 的字元，在目前的來源字元集 (字碼頁 65001) 中不是合法的字元。
C:\Users\mark9\Desktop\yolo11_test\code\Qt_yolo_1\Qt_yolo_1.cpp(1,1): warning C4828: 檔案包含起始於位移 0xa25 的字元，在目前的來源字元集 (字碼頁 65001) 中不是合法的字元。
C:\Users\mark9\Desktop\yolo11_test\code\Qt_yolo_1\Qt_yolo_1.cpp(1,1): warning C4828: 檔案包含起始於位移 0xa28 的字元，在目前的來源字元集 (字碼頁 65001) 中不是合法的字元。
C:\Users\mark9\Desktop\yolo11_test\code\Qt_yolo_1\Qt_yolo_1.cpp(1,1): warning C4828: 檔案包含起始於位移 0xa2a 的字元，在目前的來源字元集 (字碼頁 65001) 中不是合法的字元。
C:\Users\mark9\Desktop\yolo11_test\code\Qt_yolo_1\Qt_yolo_1.cpp(1,1): warning C4828: 檔案包含起始於位移 0xa2c 的字元，在目前的來源字元集 (字碼頁 65001) 中不是合法的字元。
C:\Users\mark9\Desktop\yolo11_test\code\Qt_yolo_1\Qt_yolo_1.cpp(1,1): warning C4828: 檔案包含起始於位移 0xaea 的字元，在目前的來源字元集 (字碼頁 65001) 中不是合法的字元。
C:\Users\mark9\Desktop\yolo11_test\code\Qt_yolo_1\Qt_yolo_1.cpp(1,1): warning C4828: 檔案包含起始於位移 0xaeb 的字元，在目前的來源字元集 (字碼頁 65001) 中不是合法的字元。
C:\Users\mark9\Desktop\yolo11_test\code\Qt_yolo_1\Qt_yolo_1.cpp(1,1): warning C4828: 檔案包含起始於位移 0xaed 的字元，在目前的來源字元集 (字碼頁 65001) 中不是合法的字元。
C:\Users\mark9\Desktop\yolo11_test\code\Qt_yolo_1\Qt_yolo_1.cpp(1,1): warning C4828: 檔案包含起始於位移 0xaee 的字元，在目前的來源字元集 (字碼頁 65001) 中不是合法的字元。
C:\Users\mark9\Desktop\yolo11_test\code\Qt_yolo_1\Qt_yolo_1.cpp(1,1): warning C4828: 檔案包含起始於位移 0xaef 的字元，在目前的來源字元集 (字碼頁 65001) 中不是合法的字元。
C:\Users\mark9\Desktop\yolo11_test\code\Qt_yolo_1\Qt_yolo_1.cpp(1,1): warning C4828: 檔案包含起始於位移 0xaf4 的字元，在目前的來源字元集 (字碼頁 65001) 中不是合法的字元。
C:\Users\mark9\Desktop\yolo11_test\code\Qt_yolo_1\Qt_yolo_1.cpp(1,1): warning C4828: 檔案包含起始於位移 0xaf5 的字元，在目前的來源字元集 (字碼頁 65001) 中不是合法的字元。
C:\Users\mark9\Desktop\yolo11_test\code\Qt_yolo_1\Qt_yolo_1.cpp(1,1): warning C4828: 檔案包含起始於位移 0xb93 的字元，在目前的來源字元集 (字碼頁 65001) 中不是合法的字元。
C:\Users\mark9\Desktop\yolo11_test\code\Qt_yolo_1\Qt_yolo_1.cpp(1,1): warning C4828: 檔案包含起始於位移 0xb95 的字元，在目前的來源字元集 (字碼頁 65001) 中不是合法的字元。
C:\Users\mark9\Desktop\yolo11_test\code\Qt_yolo_1\Qt_yolo_1.cpp(1,1): warning C4828: 檔案包含起始於位移 0xb96 的字元，在目前的來源字元集 (字碼頁 65001) 中不是合法的字元。
C:\Users\mark9\Desktop\yolo11_test\code\Qt_yolo_1\Qt_yolo_1.cpp(1,1): warning C4828: 檔案包含起始於位移 0xb99 的字元，在目前的來源字元集 (字碼頁 65001) 中不是合法的字元。
C:\Users\mark9\Desktop\yolo11_test\code\Qt_yolo_1\Qt_yolo_1.cpp(1,1): warning C4828: 檔案包含起始於位移 0xb9b 的字元，在目前的來源字元集 (字碼頁 65001) 中不是合法的字元。
C:\Users\mark9\Desktop\yolo11_test\code\Qt_yolo_1\Qt_yolo_1.cpp(1,1): warning C4828: 檔案包含起始於位移 0xb9e 的字元，在目前的來源字元集 (字碼頁 65001) 中不是合法的字元。
C:\Users\mark9\Desktop\yolo11_test\code\Qt_yolo_1\Qt_yolo_1.cpp(1,1): warning C4828: 檔案包含起始於位移 0xc36 的字元，在目前的來源字元集 (字碼頁 65001) 中不是合法的字元。
C:\Users\mark9\Desktop\yolo11_test\code\Qt_yolo_1\Qt_yolo_1.cpp(1,1): warning C4828: 檔案包含起始於位移 0xc38 的字元，在目前的來源字元集 (字碼頁 65001) 中不是合法的字元。
C:\Users\mark9\Desktop\yolo11_test\code\Qt_yolo_1\Qt_yolo_1.cpp(1,1): warning C4828: 檔案包含起始於位移 0xc3a 的字元，在目前的來源字元集 (字碼頁 65001) 中不是合法的字元。
C:\Users\mark9\Desktop\yolo11_test\code\Qt_yolo_1\Qt_yolo_1.cpp(1,1): warning C4828: 檔案包含起始於位移 0xc3b 的字元，在目前的來源字元集 (字碼頁 65001) 中不是合法的字元。
C:\Users\mark9\Desktop\yolo11_test\code\Qt_yolo_1\Qt_yolo_1.cpp(1,1): warning C4828: 檔案包含起始於位移 0xc40 的字元，在目前的來源字元集 (字碼頁 65001) 中不是合法的字元。
C:\Users\mark9\Desktop\yolo11_test\code\Qt_yolo_1\Qt_yolo_1.cpp(1,1): warning C4828: 檔案包含起始於位移 0xc42 的字元，在目前的來源字元集 (字碼頁 65001) 中不是合法的字元。
C:\Users\mark9\Desktop\yolo11_test\code\Qt_yolo_1\Qt_yolo_1.cpp(1,1): warning C4828: 檔案包含起始於位移 0xc44 的字元，在目前的來源字元集 (字碼頁 65001) 中不是合法的字元。
C:\Users\mark9\Desktop\yolo11_test\code\Qt_yolo_1\Qt_yolo_1.cpp(1,1): warning C4828: 檔案包含起始於位移 0xc45 的字元，在目前的來源字元集 (字碼頁 65001) 中不是合法的字元。
C:\Users\mark9\Desktop\yolo11_test\code\Qt_yolo_1\Qt_yolo_1.cpp(1,1): warning C4828: 檔案包含起始於位移 0xc46 的字元，在目前的來源字元集 (字碼頁 65001) 中不是合法的字元。
C:\Users\mark9\Desktop\yolo11_test\code\Qt_yolo_1\Qt_yolo_1.cpp(1,1): warning C4828: 檔案包含起始於位移 0xc4a 的字元，在目前的來源字元集 (字碼頁 65001) 中不是合法的字元。
C:\Users\mark9\Desktop\yolo11_test\code\Qt_yolo_1\Qt_yolo_1.cpp(1,1): warning C4828: 檔案包含起始於位移 0xc4c 的字元，在目前的來源字元集 (字碼頁 65001) 中不是合法的字元。
C:\Users\mark9\Desktop\yolo11_test\code\Qt_yolo_1\Qt_yolo_1.cpp(1,1): warning C4828: 檔案包含起始於位移 0xc4d 的字元，在目前的來源字元集 (字碼頁 65001) 中不是合法的字元。
C:\Users\mark9\Desktop\yolo11_test\code\Qt_yolo_1\Qt_yolo_1.cpp(1,1): warning C4828: 檔案包含起始於位移 0xc4e 的字元，在目前的來源字元集 (字碼頁 65001) 中不是合法的字元。
C:\Users\mark9\Desktop\yolo11_test\code\Qt_yolo_1\Qt_yolo_1.cpp(1,1): warning C4828: 檔案包含起始於位移 0xc50 的字元，在目前的來源字元集 (字碼頁 65001) 中不是合法的字元。
C:\Users\mark9\Desktop\yolo11_test\code\Qt_yolo_1\Qt_yolo_1.cpp(1,1): warning C4828: 檔案包含起始於位移 0xc54 的字元，在目前的來源字元集 (字碼頁 65001) 中不是合法的字元。
C:\Users\mark9\Desktop\yolo11_test\code\Qt_yolo_1\Qt_yolo_1.cpp(1,1): warning C4828: 檔案包含起始於位移 0xc56 的字元，在目前的來源字元集 (字碼頁 65001) 中不是合法的字元。
C:\Users\mark9\Desktop\yolo11_test\code\Qt_yolo_1\Qt_yolo_1.cpp(1,1): warning C4828: 檔案包含起始於位移 0xc58 的字元，在目前的來源字元集 (字碼頁 65001) 中不是合法的字元。
C:\Users\mark9\Desktop\yolo11_test\code\Qt_yolo_1\Qt_yolo_1.cpp(1,1): warning C4828: 檔案包含起始於位移 0xc5a 的字元，在目前的來源字元集 (字碼頁 65001) 中不是合法的字元。
C:\Users\mark9\Desktop\yolo11_test\code\Qt_yolo_1\Qt_yolo_1.cpp(1,1): warning C4828: 檔案包含起始於位移 0xc5b 的字元，在目前的來源字元集 (字碼頁 65001) 中不是合法的字元。
C:\Users\mark9\Desktop\yolo11_test\code\Qt_yolo_1\Qt_yolo_1.cpp(1,1): warning C4828: 檔案包含起始於位移 0xd18 的字元，在目前的來源字元集 (字碼頁 65001) 中不是合法的字元。
C:\Users\mark9\Desktop\yolo11_test\code\Qt_yolo_1\Qt_yolo_1.cpp(1,1): warning C4828: 檔案包含起始於位移 0xd1a 的字元，在目前的來源字元集 (字碼頁 65001) 中不是合法的字元。
C:\Users\mark9\Desktop\yolo11_test\code\Qt_yolo_1\Qt_yolo_1.cpp(1,1): warning C4828: 檔案包含起始於位移 0xd1c 的字元，在目前的來源字元集 (字碼頁 65001) 中不是合法的字元。
C:\Users\mark9\Desktop\yolo11_test\code\Qt_yolo_1\Qt_yolo_1.cpp(1,1): warning C4828: 檔案包含起始於位移 0xd1d 的字元，在目前的來源字元集 (字碼頁 65001) 中不是合法的字元。
C:\Users\mark9\Desktop\yolo11_test\code\Qt_yolo_1\Qt_yolo_1.cpp(1,1): warning C4828: 檔案包含起始於位移 0xd20 的字元，在目前的來源字元集 (字碼頁 65001) 中不是合法的字元。
C:\Users\mark9\Desktop\yolo11_test\code\Qt_yolo_1\Qt_yolo_1.cpp(1,1): warning C4828: 檔案包含起始於位移 0xd22 的字元，在目前的來源字元集 (字碼頁 65001) 中不是合法的字元。
C:\Users\mark9\Desktop\yolo11_test\code\Qt_yolo_1\Qt_yolo_1.cpp(1,1): warning C4828: 檔案包含起始於位移 0xd23 的字元，在目前的來源字元集 (字碼頁 65001) 中不是合法的字元。
C:\Users\mark9\Desktop\yolo11_test\code\Qt_yolo_1\Qt_yolo_1.cpp(1,1): warning C4828: 檔案包含起始於位移 0xd24 的字元，在目前的來源字元集 (字碼頁 65001) 中不是合法的字元。
C:\Users\mark9\Desktop\yolo11_test\code\Qt_yolo_1\Qt_yolo_1.cpp(1,1): warning C4828: 檔案包含起始於位移 0xd25 的字元，在目前的來源字元集 (字碼頁 65001) 中不是合法的字元。
C:\Users\mark9\Desktop\yolo11_test\code\Qt_yolo_1\Qt_yolo_1.cpp(1,1): warning C4828: 檔案包含起始於位移 0xde8 的字元，在目前的來源字元集 (字碼頁 65001) 中不是合法的字元。
C:\Users\mark9\Desktop\yolo11_test\code\Qt_yolo_1\Qt_yolo_1.cpp(1,1): warning C4828: 檔案包含起始於位移 0xde9 的字元，在目前的來源字元集 (字碼頁 65001) 中不是合法的字元。
C:\Users\mark9\Desktop\yolo11_test\code\Qt_yolo_1\Qt_yolo_1.cpp(1,1): warning C4828: 檔案包含起始於位移 0xded 的字元，在目前的來源字元集 (字碼頁 65001) 中不是合法的字元。
C:\Users\mark9\Desktop\yolo11_test\code\Qt_yolo_1\Qt_yolo_1.cpp(1,1): warning C4828: 檔案包含起始於位移 0xdee 的字元，在目前的來源字元集 (字碼頁 65001) 中不是合法的字元。
C:\Users\mark9\Desktop\yolo11_test\code\Qt_yolo_1\Qt_yolo_1.cpp(1,1): warning C4828: 檔案包含起始於位移 0xdef 的字元，在目前的來源字元集 (字碼頁 65001) 中不是合法的字元。
C:\Users\mark9\Desktop\yolo11_test\code\Qt_yolo_1\Qt_yolo_1.cpp(1,1): warning C4828: 檔案包含起始於位移 0xdf2 的字元，在目前的來源字元集 (字碼頁 65001) 中不是合法的字元。
C:\Users\mark9\Desktop\yolo11_test\code\Qt_yolo_1\Qt_yolo_1.cpp(1,1): warning C4828: 檔案包含起始於位移 0xdf4 的字元，在目前的來源字元集 (字碼頁 65001) 中不是合法的字元。
C:\Users\mark9\Desktop\yolo11_test\code\Qt_yolo_1\Qt_yolo_1.cpp(1,1): warning C4828: 檔案包含起始於位移 0xdf6 的字元，在目前的來源字元集 (字碼頁 65001) 中不是合法的字元。
C:\Users\mark9\Desktop\yolo11_test\code\Qt_yolo_1\Qt_yolo_1.cpp(1,1): warning C4828: 檔案包含起始於位移 0xdf7 的字元，在目前的來源字元集 (字碼頁 65001) 中不是合法的字元。
C:\Users\mark9\Desktop\yolo11_test\code\Qt_yolo_1\Qt_yolo_1.cpp(1,1): warning C4828: 檔案包含起始於位移 0xe12 的字元，在目前的來源字元集 (字碼頁 65001) 中不是合法的字元。
C:\Users\mark9\Desktop\yolo11_test\code\Qt_yolo_1\Qt_yolo_1.cpp(1,1): warning C4828: 檔案包含起始於位移 0xe14 的字元，在目前的來源字元集 (字碼頁 65001) 中不是合法的字元。
C:\Users\mark9\Desktop\yolo11_test\code\Qt_yolo_1\Qt_yolo_1.cpp(1,1): warning C4828: 檔案包含起始於位移 0xe16 的字元，在目前的來源字元集 (字碼頁 65001) 中不是合法的字元。
C:\Users\mark9\Desktop\yolo11_test\code\Qt_yolo_1\Qt_yolo_1.cpp(1,1): warning C4828: 檔案包含起始於位移 0xe17 的字元，在目前的來源字元集 (字碼頁 65001) 中不是合法的字元。
C:\Users\mark9\Desktop\yolo11_test\code\Qt_yolo_1\Qt_yolo_1.cpp(1,1): warning C4828: 檔案包含起始於位移 0xe18 的字元，在目前的來源字元集 (字碼頁 65001) 中不是合法的字元。
C:\Users\mark9\Desktop\yolo11_test\code\Qt_yolo_1\Qt_yolo_1.cpp(1,1): warning C4828: 檔案包含起始於位移 0xe1a 的字元，在目前的來源字元集 (字碼頁 65001) 中不是合法的字元。
C:\Users\mark9\Desktop\yolo11_test\code\Qt_yolo_1\Qt_yolo_1.cpp(1,1): warning C4828: 檔案包含起始於位移 0xe1b 的字元，在目前的來源字元集 (字碼頁 65001) 中不是合法的字元。
C:\Users\mark9\Desktop\yolo11_test\code\Qt_yolo_1\inference.h(46,37): warning C4305: '正在初始化': 從 'double' 轉換為 'float'，是由較大的類型轉換為較小的類型，可能導致資料遺失
  (編譯來源檔案 'inference.cpp')
  
C:\Users\mark9\Desktop\yolo11_test\code\Qt_yolo_1\inference.cpp(63,47): warning C4267: '引數': 將 'size_t' 轉換為 'int'，資料可能遺失
C:\Users\mark9\Desktop\yolo11_test\code\Qt_yolo_1\inference.cpp(70,54): warning C4244: '引數': 將 'double' 轉換為 '_Ty'，由於類型不同，可能導致資料遺失
C:\Users\mark9\Desktop\yolo11_test\code\Qt_yolo_1\inference.cpp(70,54): warning C4244:         with
C:\Users\mark9\Desktop\yolo11_test\code\Qt_yolo_1\inference.cpp(70,54): warning C4244:         [
C:\Users\mark9\Desktop\yolo11_test\code\Qt_yolo_1\inference.cpp(70,54): warning C4244:             _Ty=float
C:\Users\mark9\Desktop\yolo11_test\code\Qt_yolo_1\inference.cpp(70,54): warning C4244:         ]
C:\Users\mark9\Desktop\yolo11_test\code\Qt_yolo_1\inference.cpp(95,47): warning C4267: '引數': 將 'size_t' 轉換為 'int'，資料可能遺失
C:\Users\mark9\Desktop\yolo11_test\code\Qt_yolo_1\inference.cpp(187,22): warning C4244: '正在初始化': 將 '_Tp' 轉換為 'int'，由於類型不同，可能導致資料遺失
C:\Users\mark9\Desktop\yolo11_test\code\Qt_yolo_1\inference.cpp(187,22): warning C4244:         with
C:\Users\mark9\Desktop\yolo11_test\code\Qt_yolo_1\inference.cpp(187,22): warning C4244:         [
C:\Users\mark9\Desktop\yolo11_test\code\Qt_yolo_1\inference.cpp(187,22): warning C4244:             _Tp=float
C:\Users\mark9\Desktop\yolo11_test\code\Qt_yolo_1\inference.cpp(187,22): warning C4244:         ]
C:\Users\mark9\Desktop\yolo11_test\code\Qt_yolo_1\inference.cpp(188,23): warning C4244: '正在初始化': 將 '_Tp' 轉換為 'int'，由於類型不同，可能導致資料遺失
C:\Users\mark9\Desktop\yolo11_test\code\Qt_yolo_1\inference.cpp(188,23): warning C4244:         with
C:\Users\mark9\Desktop\yolo11_test\code\Qt_yolo_1\inference.cpp(188,23): warning C4244:         [
C:\Users\mark9\Desktop\yolo11_test\code\Qt_yolo_1\inference.cpp(188,23): warning C4244:             _Tp=float
C:\Users\mark9\Desktop\yolo11_test\code\Qt_yolo_1\inference.cpp(188,23): warning C4244:         ]
C:\Users\mark9\Desktop\yolo11_test\code\Qt_yolo_1\inference.cpp(191,19): warning C4244: '正在初始化': 將 'float' 轉換為 'int'，由於類型不同，可能導致資料遺失
C:\Users\mark9\Desktop\yolo11_test\code\Qt_yolo_1\inference.cpp(192,19): warning C4244: '正在初始化': 將 'float' 轉換為 'int'，由於類型不同，可能導致資料遺失
C:\Users\mark9\Desktop\yolo11_test\code\Qt_yolo_1\inference.h(46,37): warning C4305: '正在初始化': 從 'double' 轉換為 'float'，是由較大的類型轉換為較小的類型，可能導致資料遺失
  (編譯來源檔案 'main.cpp')
  
C:\Users\mark9\Desktop\yolo11_test\code\Qt_yolo_1\inference.h(46,37): warning C4305: '正在初始化': 從 'double' 轉換為 'float'，是由較大的類型轉換為較小的類型，可能導致資料遺失
  (編譯來源檔案 'Qt_yolo_1.cpp')
  
C:\Users\mark9\Desktop\yolo11_test\code\Qt_yolo_1\Qt_yolo_1.cpp(27,28): warning C4267: '正在初始化': 將 'size_t' 轉換為 'int'，資料可能遺失
C:\Users\mark9\Desktop\yolo11_test\code\Qt_yolo_1\Qt_yolo_1.cpp(84,25): warning C4305: '正在初始化': 從 'double' 轉換為 'float'，是由較大的類型轉換為較小的類型，可能導致資料遺失
  moc_Qt_yolo_1.cpp
C:\Users\mark9\Desktop\yolo11_test\code\Qt_yolo_1\inference.h(46,37): warning C4305: '正在初始化': 從 'double' 轉換為 'float'，是由較大的類型轉換為較小的類型，可能導致資料遺失
  (編譯來源檔案 'Qt_yolo_1/x64/Debug/qt/moc/moc_Qt_yolo_1.cpp')
  
  Qt_yolo_1.vcxproj -> C:\Users\mark9\Desktop\yolo11_test\code\Qt_yolo_1\x64\Debug\Qt_yolo_1.exe
